glibc minor version: 
Basedir is set to /home/sabbir/gensimProject/workspace_1/molecular_docking/public_mm_linux_binary_2013/public_mm.
Using /usr/lib/jvm/java-6-openjdk for JAVA_HOME.
Setting up bin directory scripts:
/home/sabbir/gensimProject/workspace_1/molecular_docking/public_mm_linux_binary_2013/public_mm/bin/metamap13 generated.
/home/sabbir/gensimProject/workspace_1/molecular_docking/public_mm_linux_binary_2013/public_mm/bin/metamap2013.TEMPLATE generated.
/home/sabbir/gensimProject/workspace_1/molecular_docking/public_mm_linux_binary_2013/public_mm/bin/SKRenv.13 generated.
/home/sabbir/gensimProject/workspace_1/molecular_docking/public_mm_linux_binary_2013/public_mm/bin/SKRrun.13 generated.
Setting up test suite:
Checking for required datafiles
Warning: lexicon facts files are missing, cannot ensure correct operation of MetaMap without them!
Warning: lexicon rules files are missing, cannot ensure correct operation of MetaMap without them!
Warning: lexicon lookup files are missing, cannot ensure correct operation of MetaMap without them!
Warning: lexicon index files are missing, cannot ensure correct operation of MetaMap without them!
Warning: UMLS index files are missing, cannot ensure correct operation of MetaMap without them!
Warning: UMLS index files are missing, cannot ensure correct operation of MetaMap without them!
Warning: Tagger directory is missing, cannot ensure correct operation of MetaMap without it!
Checking for optional datafiles (WSD)
Warning: WSD Server directory is missing, MetaMap will not have WSD support without it!
MISSINGOPTIONS=1
!! WARNING: Some optional datafiles are missing, see install.log for more information. !!
MISSINGFILES=7
!! WARNING: Some necessary datafiles are missing, see install.log for more information. !!
bin/install.sh ended Thu Mar  3 02:10:33 EST 2016
Public MetaMap basedir: /home/sabbir/gensimProject/workspace_1/molecular_docking/public_mm_linux_binary_2013/public_mm
Public MetaMap Program Dir: /home/sabbir/gensimProject/workspace_1/molecular_docking/public_mm_linux_binary_2013/public_mm/bin
Java Home dir: /usr/lib/jvm/java-6-openjdk
